<?xml version="1.0" encoding="UTF-8"?>
<testsuite name="WallServiceTest" tests="3" skipped="0" failures="0" errors="0" timestamp="2023-07-12T20:00:58" hostname="ARTEM_NOTEBOOK" time="0.434">
  <properties/>
  <testcase name="addPost_IdIsNotZero" classname="WallServiceTest" time="0.407"/>
  <testcase name="updatePost_NonexistentId_ReturnsFalse" classname="WallServiceTest" time="0.0"/>
  <testcase name="updatePost_ExistingId_ReturnsTrue" classname="WallServiceTest" time="0.025"/>
  <system-out><![CDATA[]]></system-out>
  <system-err><![CDATA[]]></system-err>
</testsuite>
