<?xml version="1.0" encoding="UTF-8"?>
<testsuite name="WallServiceTest" tests="3" skipped="0" failures="0" errors="0" timestamp="2023-07-16T17:37:54" hostname="ARTEM_NOTEBOOK" time="0.49">
  <properties/>
  <testcase name="addPost_IdIsNotZero" classname="WallServiceTest" time="0.451"/>
  <testcase name="updatePost_NonexistentId_ReturnsFalse" classname="WallServiceTest" time="0.001"/>
  <testcase name="updatePost_ExistingId_ReturnsTrue" classname="WallServiceTest" time="0.036"/>
  <system-out><![CDATA[]]></system-out>
  <system-err><![CDATA[]]></system-err>
</testsuite>
